<?xml version="1.0" encoding="UTF-8"?>
<!-- Generated by org.testng.reporters.JUnitReportReporter -->
<testsuite hostname="LAPTOP-MAAR5IGM" failures="0" tests="1" name="asserts.ToExploreHardAssert" time="7.768" errors="0" timestamp="2023-01-12T11:45:33 IST" skipped="0">
  <testcase classname="asserts.ToExploreHardAssert" name="loginAsAdmin" time="7.768"/>
  <system-out/>
</testsuite> <!-- asserts.ToExploreHardAssert -->
