<?xml version="1.0" encoding="UTF-8"?>
<!-- Generated by org.testng.reporters.JUnitReportReporter -->
<testsuite hostname="LAPTOP-MAAR5IGM" failures="0" tests="5" name="dataProvider.ToReadMultipleUrlsFromStringUrl" time="75.756" errors="0" timestamp="2023-01-11T11:12:30 IST" skipped="0">
  <testcase classname="dataProvider.ToReadMultipleUrlsFromStringUrl" name="launchUrl" time="9.824"/>
  <system-out/>
  <testcase classname="dataProvider.ToReadMultipleUrlsFromStringUrl" name="launchUrl" time="15.365"/>
  <system-out/>
  <testcase classname="dataProvider.ToReadMultipleUrlsFromStringUrl" name="launchUrl" time="17.071"/>
  <system-out/>
  <testcase classname="dataProvider.ToReadMultipleUrlsFromStringUrl" name="launchUrl" time="17.211"/>
  <system-out/>
  <testcase classname="dataProvider.ToReadMultipleUrlsFromStringUrl" name="launchUrl" time="16.285"/>
  <system-out/>
</testsuite> <!-- dataProvider.ToReadMultipleUrlsFromStringUrl -->
