<?xml version="1.0" encoding="UTF-8"?>
<!-- Generated by org.testng.reporters.JUnitReportReporter -->
<testsuite hostname="LAPTOP-MAAR5IGM" failures="0" tests="2" name="workingWithTestNG.SampleScript" time="14.575" errors="0" timestamp="2023-01-02T18:05:54 IST" skipped="1">
  <testcase classname="workingWithTestNG.SampleScript" name="modifyAccount" time="14.575"/>
  <system-out>
From Modify Account  </system-out>
  <testcase classname="workingWithTestNG.SampleScript" name="createAccount">
    <skipped/>
  </testcase> <!-- createAccount -->
  <system-out/>
</testsuite> <!-- workingWithTestNG.SampleScript -->
