<?xml version="1.0" encoding="UTF-8"?>
<!-- Generated by org.testng.reporters.JUnitReportReporter -->
<testsuite hostname="LAPTOP-MAAR5IGM" failures="0" tests="1" name="foodWebsites.Tc_Food_003" time="4.145" errors="0" timestamp="2023-01-12T15:55:28 IST" skipped="0">
  <testcase classname="foodWebsites.Tc_Food_003" name="toOpenMcDonalds" time="4.145"/>
  <system-out/>
</testsuite> <!-- foodWebsites.Tc_Food_003 -->
