<?xml version="1.0" encoding="UTF-8"?>
<!-- Generated by org.testng.reporters.JUnitReportReporter -->
<testsuite hostname="LAPTOP-MAAR5IGM" failures="0" tests="2" name="dataProvider.ToLoginToActiTimeFromExcelSheetUsingDataProvider" time="14.029" errors="0" timestamp="2023-01-11T13:33:25 IST" skipped="0">
  <testcase classname="dataProvider.ToLoginToActiTimeFromExcelSheetUsingDataProvider" name="actitime" time="7.545"/>
  <system-out/>
  <testcase classname="dataProvider.ToLoginToActiTimeFromExcelSheetUsingDataProvider" name="actitime" time="6.484"/>
  <system-out/>
</testsuite> <!-- dataProvider.ToLoginToActiTimeFromExcelSheetUsingDataProvider -->
