<?xml version="1.0" encoding="UTF-8"?>
<!-- Generated by org.testng.reporters.JUnitReportReporter -->
<testsuite hostname="LAPTOP-MAAR5IGM" failures="0" tests="5" name="dataProvider.ToReadMultipleUrlsFromExcelSheet" time="58.187" errors="0" timestamp="2023-01-11T11:11:53 IST" skipped="0">
  <testcase classname="dataProvider.ToReadMultipleUrlsFromExcelSheet" name="launchUrl" time="14.239"/>
  <system-out/>
  <testcase classname="dataProvider.ToReadMultipleUrlsFromExcelSheet" name="launchUrl" time="3.164"/>
  <system-out/>
  <testcase classname="dataProvider.ToReadMultipleUrlsFromExcelSheet" name="launchUrl" time="13.326"/>
  <system-out/>
  <testcase classname="dataProvider.ToReadMultipleUrlsFromExcelSheet" name="launchUrl" time="14.247"/>
  <system-out/>
  <testcase classname="dataProvider.ToReadMultipleUrlsFromExcelSheet" name="launchUrl" time="13.211"/>
  <system-out/>
</testsuite> <!-- dataProvider.ToReadMultipleUrlsFromExcelSheet -->
