<?xml version="1.0" encoding="UTF-8"?>
<!-- Generated by org.testng.reporters.JUnitReportReporter -->
<testsuite hostname="LAPTOP-MAAR5IGM" failures="0" tests="2" name="workingWithTestNG.Practise" time="0.014" errors="0" timestamp="2023-01-10T11:33:53 IST" skipped="0">
  <testcase classname="workingWithTestNG.Practise" name="testCase_001" time="0.012"/>
  <system-out>
1st executed  </system-out>
  <testcase classname="workingWithTestNG.Practise" name="testCase_002" time="0.002"/>
  <system-out>
2nd executed  </system-out>
</testsuite> <!-- workingWithTestNG.Practise -->
