<?xml version="1.0" encoding="UTF-8"?>
<!-- Generated by org.testng.reporters.JUnitReportReporter -->
<testsuite hostname="LAPTOP-MAAR5IGM" failures="0" tests="5" name="dataProvider.ToReadMultipleUrlFromExcelSheet" time="73.869" errors="0" timestamp="2023-01-11T12:47:11 IST" skipped="0">
  <testcase classname="dataProvider.ToReadMultipleUrlFromExcelSheet" name="LaunchWEbPage" time="15.123"/>
  <system-out/>
  <testcase classname="dataProvider.ToReadMultipleUrlFromExcelSheet" name="LaunchWEbPage" time="17.909"/>
  <system-out/>
  <testcase classname="dataProvider.ToReadMultipleUrlFromExcelSheet" name="LaunchWEbPage" time="8.564"/>
  <system-out/>
  <testcase classname="dataProvider.ToReadMultipleUrlFromExcelSheet" name="LaunchWEbPage" time="16.486"/>
  <system-out/>
  <testcase classname="dataProvider.ToReadMultipleUrlFromExcelSheet" name="LaunchWEbPage" time="15.787"/>
  <system-out/>
</testsuite> <!-- dataProvider.ToReadMultipleUrlFromExcelSheet -->
