<?xml version="1.0" encoding="UTF-8"?>
<!-- Generated by org.testng.reporters.JUnitReportReporter -->
<testsuite hostname="LAPTOP-MAAR5IGM" failures="0" tests="8" name="dataProvider.ToRegisterToDemoWebShopUsingDataProvider" time="37.620" errors="0" timestamp="2023-01-11T14:59:26 IST" skipped="0">
  <testcase classname="dataProvider.ToRegisterToDemoWebShopUsingDataProvider" name="registration" time="4.645"/>
  <system-out/>
  <testcase classname="dataProvider.ToRegisterToDemoWebShopUsingDataProvider" name="registration" time="4.713"/>
  <system-out/>
  <testcase classname="dataProvider.ToRegisterToDemoWebShopUsingDataProvider" name="registration" time="4.636"/>
  <system-out/>
  <testcase classname="dataProvider.ToRegisterToDemoWebShopUsingDataProvider" name="registration" time="4.676"/>
  <system-out/>
  <testcase classname="dataProvider.ToRegisterToDemoWebShopUsingDataProvider" name="registration" time="4.414"/>
  <system-out/>
  <testcase classname="dataProvider.ToRegisterToDemoWebShopUsingDataProvider" name="registration" time="5.171"/>
  <system-out/>
  <testcase classname="dataProvider.ToRegisterToDemoWebShopUsingDataProvider" name="registration" time="4.890"/>
  <system-out/>
  <testcase classname="dataProvider.ToRegisterToDemoWebShopUsingDataProvider" name="registration" time="4.475"/>
  <system-out/>
</testsuite> <!-- dataProvider.ToRegisterToDemoWebShopUsingDataProvider -->
