<?xml version="1.0" encoding="UTF-8"?>
<!-- Generated by org.testng.reporters.JUnitReportReporter -->
<testsuite hostname="LAPTOP-MAAR5IGM" failures="0" tests="3" name="workingWithTestNG.UsingDependOnMethod" time="0.016" errors="0" timestamp="2023-01-03T12:00:46 IST" skipped="0">
  <testcase classname="workingWithTestNG.UsingDependOnMethod" name="register" time="0.001"/>
  <system-out>
From register  </system-out>
  <testcase classname="workingWithTestNG.UsingDependOnMethod" name="amountTransfer" time="0.002"/>
  <system-out>
From Amount  </system-out>
  <testcase classname="workingWithTestNG.UsingDependOnMethod" name="createAccount" time="0.013"/>
  <system-out>
From Create  </system-out>
</testsuite> <!-- workingWithTestNG.UsingDependOnMethod -->
