<?xml version="1.0" encoding="UTF-8"?>
<!-- Generated by org.testng.reporters.JUnitReportReporter -->
<testsuite hostname="LAPTOP-MAAR5IGM" failures="0" tests="1" name="foodWebsites.Tc_Food_001" time="2.638" errors="0" timestamp="2023-01-12T15:55:28 IST" skipped="0">
  <testcase classname="foodWebsites.Tc_Food_001" name="toOpenKFC" time="2.638"/>
  <system-out/>
</testsuite> <!-- foodWebsites.Tc_Food_001 -->
