<?xml version="1.0" encoding="UTF-8"?>
<!-- Generated by org.testng.reporters.JUnitReportReporter -->
<testsuite hostname="LAPTOP-MAAR5IGM" failures="0" tests="1" name="foodWebsites.Tc_Food_004" time="3.906" errors="0" timestamp="2023-01-12T15:55:28 IST" skipped="0">
  <testcase classname="foodWebsites.Tc_Food_004" name="toOpenburgerKing" time="3.906"/>
  <system-out/>
</testsuite> <!-- foodWebsites.Tc_Food_004 -->
