<?xml version="1.0" encoding="UTF-8"?>
<!-- Generated by org.testng.reporters.JUnitReportReporter -->
<testsuite hostname="LAPTOP-MAAR5IGM" failures="0" tests="2" name="dataProvider.ToLoginToActiTimeUsingDataProvider" time="18.148" errors="0" timestamp="2023-01-11T12:05:48 IST" skipped="0">
  <testcase classname="dataProvider.ToLoginToActiTimeUsingDataProvider" name="loginToActiTime" time="8.375"/>
  <system-out/>
  <testcase classname="dataProvider.ToLoginToActiTimeUsingDataProvider" name="loginToActiTime" time="9.773"/>
  <system-out/>
</testsuite> <!-- dataProvider.ToLoginToActiTimeUsingDataProvider -->
